<?xml version="1.0" encoding="UTF-8"?>
<!-- Generated by org.testng.reporters.JUnitXMLReporter -->
<testsuite hostname="DESKTOP-VRCSTNR" ignored="0" name="TestForm" tests="5" failures="0" timestamp="01 Oct 2017 23:44:09 GMT" time="83.721" errors="0">
  <testcase name="TC001" time="32.441" classname="tek.TestForm"/>
  <testcase name="TC002" time="12.805" classname="tek.TestForm"/>
  <testcase name="TC003" time="11.66" classname="tek.TestForm"/>
  <testcase name="TC004" time="13.083" classname="tek.TestForm"/>
  <testcase name="TC005" time="13.668" classname="tek.TestForm"/>
</testsuite> <!-- TestForm -->
