<?xml version="1.0" encoding="UTF-8"?>
<!-- Generated by org.testng.reporters.JUnitXMLReporter -->
<testsuite hostname="DESKTOP-VRCSTNR" ignored="0" name="Test" tests="4" failures="0" timestamp="30 Sep 2017 15:09:48 GMT" time="64.922" errors="0">
  <testcase name="TC001" time="25.629" classname="tek.TestForm2"/>
  <testcase name="TC002" time="13.795" classname="tek.TestForm2"/>
  <testcase name="TC003" time="12.867" classname="tek.TestForm2"/>
  <testcase name="TC004" time="12.57" classname="tek.TestForm2"/>
</testsuite> <!-- Test -->
