<?xml version="1.0" encoding="UTF-8"?>
<!-- Generated by org.testng.reporters.JUnitXMLReporter -->
<testsuite hostname="DESKTOP-VRCSTNR" ignored="0" name="Default test" tests="5" failures="0" timestamp="05 Oct 2017 13:09:45 GMT" time="102.673" errors="0">
  <testcase name="TC001" time="41.788" classname="tek.TestForm"/>
  <testcase name="TC002" time="17.618" classname="tek.TestForm"/>
  <testcase name="TC003" time="16.203" classname="tek.TestForm"/>
  <testcase name="TC004" time="13.31" classname="tek.TestForm"/>
  <testcase name="TC005" time="13.657" classname="tek.TestForm"/>
</testsuite> <!-- Default test -->
